c:\dev\opengl-practice\opengl\debug\vc142.pdb
c:\dev\opengl-practice\opengl\debug\vc142.idb
c:\dev\opengl-practice\opengl\debug\renderer.obj
c:\dev\opengl-practice\opengl\debug\application.obj
c:\dev\opengl-practice\opengl\debug\vertexbufferlayout.obj
c:\dev\opengl-practice\opengl\debug\vertexarray.obj
c:\dev\opengl-practice\opengl\debug\vertexbuffer.obj
c:\dev\opengl-practice\opengl\debug\shader.obj
c:\dev\opengl-practice\opengl\debug\indexbuffer.obj
c:\dev\opengl-practice\opengl\debug\stb_image.obj
c:\dev\opengl-practice\opengl\debug\texture.obj
c:\dev\opengl-practice\debug\opengl.exe
c:\dev\opengl-practice\opengl\debug\opengl.ilk
c:\dev\opengl-practice\debug\opengl.pdb
c:\dev\opengl-practice\opengl\debug\opengl.tlog\cl.command.1.tlog
c:\dev\opengl-practice\opengl\debug\opengl.tlog\cl.read.1.tlog
c:\dev\opengl-practice\opengl\debug\opengl.tlog\cl.write.1.tlog
c:\dev\opengl-practice\opengl\debug\opengl.tlog\link.command.1.tlog
c:\dev\opengl-practice\opengl\debug\opengl.tlog\link.read.1.tlog
c:\dev\opengl-practice\opengl\debug\opengl.tlog\link.write.1.tlog
